<?xml version="1.0" encoding="UTF-8"?>
<!-- Generated by org.testng.reporters.JUnitXMLReporter -->
<testsuite ignored="2" hostname="DESKTOP-9BB5NPN" failures="0" tests="7" name="Test-Runner2" time="14.373" errors="0" timestamp="2023-01-12T12:41:25 IST">
  <testcase classname="project_life_insurance.AddPaymentUsingAnnotationTest" name="addPayment" time="1.631"/>
  <testcase classname="project_life_insurance.AddPaymentUsingAnnotationTest" name="simple" time="0.004"/>
  <testcase classname="project_life_insurance.AddPaymentUsingAnnotationTest" name="simple2" time="0.004"/>
  <testcase classname="project_life_insurance.AddPaymentUsingAnnotationTest" name="simple3" time="0.001"/>
  <testcase classname="project_life_insurance.AddPaymentUsingAnnotationTest" name="simple4" time="0.002"/>
  <testcase classname="project_life_insurance.AddPaymentUsingAnnotationTest" name="simple5" time="0.004"/>
  <testcase classname="project_life_insurance.EditPaymentUsingAnnotationTest" name="editPayment" time="1.589"/>
  <testcase classname="com.insurance.GenericUtilities.BaseClass" name="@BeforeSuite configDB" time="0.0">
    <ignored/>
  </testcase> <!-- @BeforeSuite configDB -->
  <testcase classname="com.insurance.GenericUtilities.BaseClass" name="@AfterSuite disconnectDB" time="0.0">
    <ignored/>
  </testcase> <!-- @AfterSuite disconnectDB -->
</testsuite> <!-- Test-Runner2 -->
