<?xml version="1.0" encoding="UTF-8"?>
<!-- Generated by org.testng.reporters.JUnitXMLReporter -->
<testsuite ignored="0" hostname="DESKTOP-9BB5NPN" failures="0" tests="1" name="Test-Runner1" time="23.64" errors="0" timestamp="2023-01-12T12:41:10 IST">
  <testcase classname="project_life_insurance.EditPaymentUsingAnnotationTest" name="editPayment" time="2.539"/>
</testsuite> <!-- Test-Runner1 -->
