<?xml version="1.0" encoding="UTF-8"?>
<!-- Generated by org.testng.reporters.JUnitReportReporter -->
<testsuite hostname="DESKTOP-9BB5NPN" failures="0" tests="1" name="project_life_insurance.DeletePaymentUsingAnnotationTest" time="0.000" errors="0" timestamp="2023-04-11T20:52:42 IST" skipped="1">
  <testcase classname="project_life_insurance.DeletePaymentUsingAnnotationTest" name="deletePayment" time="0.000">
    <skipped/>
  </testcase> <!-- deletePayment -->
  <system-out>
    <![CDATA[--TestScript Execution skipped--]]>
  </system-out>
</testsuite> <!-- project_life_insurance.DeletePaymentUsingAnnotationTest -->
