<?xml version="1.0" encoding="UTF-8"?>
<!-- Generated by org.testng.reporters.JUnitReportReporter -->
<testsuite hostname="DESKTOP-9BB5NPN" failures="0" tests="1" name="practice_package.FullAutomationTesting" time="38.198" errors="0" timestamp="2023-03-23T21:46:32 IST" skipped="0">
  <testcase classname="practice_package.FullAutomationTesting" name="m1" time="38.198"/>
  <system-out/>
</testsuite> <!-- practice_package.FullAutomationTesting -->
