<?xml version="1.0" encoding="UTF-8"?>
<!-- Generated by org.testng.reporters.JUnitReportReporter -->
<testsuite hostname="DESKTOP-9BB5NPN" failures="0" tests="2" name="project_life_insurance.EditPaymentUsingAnnotationTest" time="6.465" errors="0" timestamp="2023-01-12T12:41:25 IST" skipped="0">
  <testcase classname="project_life_insurance.EditPaymentUsingAnnotationTest" name="editPayment" time="3.957"/>
  <system-out/>
  <testcase classname="project_life_insurance.EditPaymentUsingAnnotationTest" name="editPayment" time="2.508"/>
  <system-out/>
</testsuite> <!-- project_life_insurance.EditPaymentUsingAnnotationTest -->
