<?xml version="1.0" encoding="UTF-8"?>
<!-- Generated by org.testng.reporters.JUnitReportReporter -->
<testsuite hostname="DESKTOP-9BB5NPN" failures="0" tests="3" name="SampleTest.Practice_DataProvider" time="0.021" errors="0" timestamp="2023-01-06T16:58:06 IST" skipped="0">
  <testcase classname="SampleTest.Practice_DataProvider" name="travel" time="0.004"/>
  <system-out/>
  <testcase classname="SampleTest.Practice_DataProvider" name="travel" time="0.014"/>
  <system-out/>
  <testcase classname="SampleTest.Practice_DataProvider" name="travel" time="0.003"/>
  <system-out/>
</testsuite> <!-- SampleTest.Practice_DataProvider -->
