<?xml version="1.0" encoding="UTF-8"?>
<!-- Generated by org.testng.reporters.JUnitReportReporter -->
<testsuite hostname="DESKTOP-9BB5NPN" failures="0" tests="2" name="practice_package.SampleTestNGTest_1" time="0.014" errors="0" timestamp="2023-04-10T17:25:22 IST" skipped="0">
  <testcase classname="practice_package.SampleTestNGTest_1" name="sample1" time="0.012"/>
  <system-out/>
  <testcase classname="practice_package.SampleTestNGTest_1" name="sample2" time="0.002"/>
  <system-out/>
</testsuite> <!-- practice_package.SampleTestNGTest_1 -->
