<?xml version="1.0" encoding="UTF-8"?>
<!-- Generated by org.testng.reporters.JUnitReportReporter -->
<testsuite hostname="DESKTOP-9BB5NPN" failures="0" tests="3" name="practice_package.DiffAnnotationsTest" time="0.015" errors="0" timestamp="2023-01-09T13:13:19 IST" skipped="0">
  <testcase classname="practice_package.DiffAnnotationsTest" name="addNominee" time="0.004"/>
  <system-out/>
  <testcase classname="practice_package.DiffAnnotationsTest" name="addClient" time="0.008"/>
  <system-out/>
  <testcase classname="practice_package.DiffAnnotationsTest" name="addNominee" time="0.003"/>
  <system-out/>
</testsuite> <!-- practice_package.DiffAnnotationsTest -->
