<?xml version="1.0" encoding="UTF-8"?>
<!-- Generated by org.testng.reporters.JUnitReportReporter -->
<testsuite hostname="DESKTOP-9BB5NPN" failures="0" tests="1" name="project_life_insurance.EditPaymentAnnotation" time="4.189" errors="0" timestamp="2023-01-10T10:41:43 IST" skipped="0">
  <testcase classname="project_life_insurance.EditPaymentAnnotation" name="editPayment" time="4.189"/>
  <system-out/>
</testsuite> <!-- project_life_insurance.EditPaymentAnnotation -->
