<?xml version="1.0" encoding="UTF-8"?>
<!-- Generated by org.testng.reporters.JUnitReportReporter -->
<testsuite hostname="DESKTOP-9BB5NPN" failures="0" tests="1" name="project_life_insurance.AddPaymentAnnotation" time="3.426" errors="0" timestamp="2023-01-09T17:39:49 IST" skipped="0">
  <testcase classname="project_life_insurance.AddPaymentAnnotation" name="addPayment" time="3.426"/>
  <system-out/>
</testsuite> <!-- project_life_insurance.AddPaymentAnnotation -->
