<?xml version="1.0" encoding="UTF-8"?>
<!-- Generated by org.testng.reporters.JUnitReportReporter -->
<testsuite hostname="DESKTOP-9BB5NPN" failures="0" tests="5" name="SampleTest.NewTest" time="0.030" errors="0" timestamp="2023-01-06T15:39:08 IST" skipped="0">
  <testcase classname="SampleTest.NewTest" name="delete" time="0.001"/>
  <system-out/>
  <testcase classname="SampleTest.NewTest" name="update" time="0.007"/>
  <system-out/>
  <testcase classname="SampleTest.NewTest" name="update" time="0.014"/>
  <system-out/>
  <testcase classname="SampleTest.NewTest" name="update" time="0.005"/>
  <system-out/>
  <testcase classname="SampleTest.NewTest" name="create" time="0.003"/>
  <system-out/>
</testsuite> <!-- SampleTest.NewTest -->
