<?xml version="1.0" encoding="UTF-8"?>
<!-- Generated by org.testng.reporters.JUnitReportReporter -->
<testsuite hostname="DESKTOP-9BB5NPN" failures="0" tests="1" name="project_life_insurance.DeletePaymentAnnotation" time="3.124" errors="0" timestamp="2023-01-10T10:35:45 IST" skipped="0">
  <testcase classname="project_life_insurance.DeletePaymentAnnotation" name="deletePayment" time="3.124"/>
  <system-out/>
</testsuite> <!-- project_life_insurance.DeletePaymentAnnotation -->
