<?xml version="1.0" encoding="UTF-8"?>
<!-- Generated by org.testng.reporters.JUnitReportReporter -->
<testsuite hostname="DESKTOP-9BB5NPN" failures="0" tests="2" name="project_life_insurance.EditPaymentUsingAnnotationTest" time="0.000" errors="0" timestamp="2023-04-11T20:52:42 IST" skipped="2">
  <testcase classname="project_life_insurance.EditPaymentUsingAnnotationTest" name="simple" time="0.000">
    <skipped/>
  </testcase> <!-- simple -->
  <system-out>
    <![CDATA[--TestScript Execution skipped--
deletePayment-----> Testscript execution started]]>
  </system-out>
  <testcase classname="project_life_insurance.EditPaymentUsingAnnotationTest" name="editPayment" time="0.000">
    <skipped/>
  </testcase> <!-- editPayment -->
  <system-out>
    <![CDATA[--TestScript Execution skipped--
simple-----> Testscript execution started]]>
  </system-out>
</testsuite> <!-- project_life_insurance.EditPaymentUsingAnnotationTest -->
