<?xml version="1.0" encoding="UTF-8"?>
<!-- Generated by org.testng.reporters.JUnitReportReporter -->
<testsuite hostname="DESKTOP-9BB5NPN" failures="0" tests="2" name="practice_package.SampleTestNGTest_3" time="0.003" errors="0" timestamp="2023-04-10T17:25:22 IST" skipped="0">
  <testcase classname="practice_package.SampleTestNGTest_3" name="sample5" time="0.002"/>
  <system-out/>
  <testcase classname="practice_package.SampleTestNGTest_3" name="sample6" time="0.001"/>
  <system-out/>
</testsuite> <!-- practice_package.SampleTestNGTest_3 -->
