<?xml version="1.0" encoding="UTF-8"?>
<!-- Generated by org.testng.reporters.JUnitReportReporter -->
<testsuite hostname="DESKTOP-9BB5NPN" failures="0" tests="4" name="sample_test.DataProviderTest" time="0.014" errors="0" timestamp="2023-01-09T15:14:12 IST" skipped="0">
  <testcase classname="sample_test.DataProviderTest" name="readData" time="0.009"/>
  <system-out/>
  <testcase classname="sample_test.DataProviderTest" name="readData" time="0.001"/>
  <system-out/>
  <testcase classname="sample_test.DataProviderTest" name="readData" time="0.001"/>
  <system-out/>
  <testcase classname="sample_test.DataProviderTest" name="readData" time="0.003"/>
  <system-out/>
</testsuite> <!-- sample_test.DataProviderTest -->
